Build started 25/8/2015 22:23:41.
     1>Project "C:\Users\AndresMauricio.ANDRES-LAPTOP\Documents\Visual Studio 2012\Projects\OpenGLFramework\OpenGLFramework\OpenGLFramework.vcxproj" on node 2 (Build target(s)).
     1>ClCompile:
         C:\Program Files (x86)\Microsoft Visual Studio 11.0\VC\bin\CL.exe /c /ZI /nologo /W3 /WX- /sdl /Od /Oy- /D _MBCS /Gm /EHsc /RTC1 /MDd /GS /fp:precise /Zc:wchar_t /Zc:forScope /Fo"Debug\\" /Fd"Debug\vc110.pdb" /Gd /TP /analyze- /errorReport:prompt main.cpp
         main.cpp
     1>c:\users\andresmauricio.andres-laptop\documents\visual studio 2012\projects\openglframework\openglframework\main.cpp(19): warning C4244: 'initializing' : conversion from 'double' to 'float', possible loss of data
     1>c:\users\andresmauricio.andres-laptop\documents\visual studio 2012\projects\openglframework\openglframework\main.cpp(20): warning C4244: 'initializing' : conversion from 'double' to 'float', possible loss of data
     1>c:\users\andresmauricio.andres-laptop\documents\visual studio 2012\projects\openglframework\openglframework\main.cpp(23): warning C4305: 'initializing' : truncation from 'double' to 'float'
     1>c:\users\andresmauricio.andres-laptop\documents\visual studio 2012\projects\openglframework\openglframework\main.cpp(24): warning C4305: 'initializing' : truncation from 'double' to 'float'
     1>c:\users\andresmauricio.andres-laptop\documents\visual studio 2012\projects\openglframework\openglframework\main.cpp(190): warning C4305: '+=' : truncation from 'double' to 'float'
     1>c:\users\andresmauricio.andres-laptop\documents\visual studio 2012\projects\openglframework\openglframework\main.cpp(191): warning C4305: '+=' : truncation from 'double' to 'float'
     1>c:\users\andresmauricio.andres-laptop\documents\visual studio 2012\projects\openglframework\openglframework\main.cpp(196): warning C4305: '+=' : truncation from 'double' to 'float'
     1>c:\users\andresmauricio.andres-laptop\documents\visual studio 2012\projects\openglframework\openglframework\main.cpp(197): warning C4305: '+=' : truncation from 'double' to 'float'
     1>c:\users\andresmauricio.andres-laptop\documents\visual studio 2012\projects\openglframework\openglframework\main.cpp(202): warning C4305: '-=' : truncation from 'double' to 'float'
     1>c:\users\andresmauricio.andres-laptop\documents\visual studio 2012\projects\openglframework\openglframework\main.cpp(203): warning C4305: '-=' : truncation from 'double' to 'float'
     1>c:\users\andresmauricio.andres-laptop\documents\visual studio 2012\projects\openglframework\openglframework\main.cpp(208): warning C4305: '-=' : truncation from 'double' to 'float'
     1>c:\users\andresmauricio.andres-laptop\documents\visual studio 2012\projects\openglframework\openglframework\main.cpp(209): warning C4305: '-=' : truncation from 'double' to 'float'
     1>c:\users\andresmauricio.andres-laptop\documents\visual studio 2012\projects\openglframework\openglframework\main.cpp(316): warning C4244: 'argument' : conversion from 'float' to 'int', possible loss of data
       Link:
         C:\Program Files (x86)\Microsoft Visual Studio 11.0\VC\bin\link.exe /ERRORREPORT:PROMPT /OUT:"C:\Users\AndresMauricio.ANDRES-LAPTOP\Documents\Visual Studio 2012\Projects\OpenGLFramework\Debug\OpenGLFramework.exe" /INCREMENTAL /NOLOGO kernel32.lib user32.lib gdi32.lib winspool.lib comdlg32.lib advapi32.lib shell32.lib ole32.lib oleaut32.lib uuid.lib odbc32.lib odbccp32.lib /MANIFEST /MANIFESTUAC:"level='asInvoker' uiAccess='false'" /manifest:embed /DEBUG /PDB:"C:\Users\AndresMauricio.ANDRES-LAPTOP\Documents\Visual Studio 2012\Projects\OpenGLFramework\Debug\OpenGLFramework.pdb" /TLBID:1 /DYNAMICBASE /NXCOMPAT /IMPLIB:"C:\Users\AndresMauricio.ANDRES-LAPTOP\Documents\Visual Studio 2012\Projects\OpenGLFramework\Debug\OpenGLFramework.lib" /MACHINE:X86 Debug\main.obj
         OpenGLFramework.vcxproj -> C:\Users\AndresMauricio.ANDRES-LAPTOP\Documents\Visual Studio 2012\Projects\OpenGLFramework\Debug\OpenGLFramework.exe
     1>Done Building Project "C:\Users\AndresMauricio.ANDRES-LAPTOP\Documents\Visual Studio 2012\Projects\OpenGLFramework\OpenGLFramework\OpenGLFramework.vcxproj" (Build target(s)).

Build succeeded.

Time Elapsed 00:00:01.85
